<?xml version="1.0" encoding="UTF-8"?>
<!-- Generated by org.testng.reporters.JUnitReportReporter -->
<testsuite hostname="Ashish" failures="0" tests="1" name="AutomationChallenges.LetCodeIframe" time="0.050" errors="0" timestamp="2024-04-21T10:36:12 IST" skipped="0">
  <testcase classname="AutomationChallenges.LetCodeIframe" name="verifyFrame" time="0.050"/>
</testsuite> <!-- AutomationChallenges.LetCodeIframe -->
