<?xml version="1.0" encoding="UTF-8"?>
<!-- Generated by org.testng.reporters.JUnitReportReporter -->
<testsuite hostname="Ashish" failures="0" tests="1" name="LetCodeAutomation.LetCodeWindowHandling" time="12.556" errors="0" timestamp="2024-04-21T17:43:51 IST" skipped="0">
  <testcase classname="LetCodeAutomation.LetCodeWindowHandling" name="windowHandling" time="12.556"/>
</testsuite> <!-- LetCodeAutomation.LetCodeWindowHandling -->
