<?xml version="1.0" encoding="UTF-8"?>
<!-- Generated by org.testng.reporters.JUnitReportReporter -->
<testsuite hostname="Ashish" failures="0" tests="1" name="LetCodeAutomation.LetcodeAlertHandling" time="12.606" errors="0" timestamp="2024-04-21T18:06:36 IST" skipped="0">
  <testcase classname="LetCodeAutomation.LetcodeAlertHandling" name="alertHandling" time="12.606"/>
</testsuite> <!-- LetCodeAutomation.LetcodeAlertHandling -->
